Drill report for esp32-wled-adv-pcb.kicad_pcb
Created on Wed Feb 23 13:26:13 2022

Copper Layer Stackup:
    =============================================================
    L1 :  F.Cu                      front
    L2 :  B.Cu                      back


Drill file 'esp32-wled-adv-pcb.drl' contains
    plated through holes:
    =============================================================
    T1  0.250mm  0.0098"  (47 holes)
    T2  0.300mm  0.0118"  (1 hole)
    T3  0.300mm  0.0118"  (1 hole)
    T4  0.400mm  0.0157"  (419 holes)
    T5  0.500mm  0.0197"  (2 holes)
    T6  0.600mm  0.0236"  (3 holes)
    T7  1.000mm  0.0394"  (7 holes)
    T8  1.320mm  0.0520"  (9 holes)
    T9  1.500mm  0.0591"  (7 holes)

    Total plated holes count 496


Not plated through holes are merged with plated holes
    unplated through holes:
    =============================================================
    T10  3.200mm  0.1260"  (4 holes)

    Total unplated holes count 4
